<?xml version="1.0" encoding="UTF-8"?>
<!-- Generated by org.testng.reporters.JUnitReportReporter -->
<testsuite hostname="deepikas-mbp.lan" failures="0" tests="2" name="Test.HomeTest" time="1.037" errors="1" timestamp="2024-07-04T23:01:18 PDT" skipped="1">
  <testcase classname="Test.HomeTest" name="beforeMethod" time="1.037">
    <error message="Could not start a new session. Response code 500. Message: An unknown server-side error occurred while processing the command. Original error: The Android SDK root folder &#039;$/Users/rahade/Library/Android/sdk&#039; does not exist on the local file system. Read https://developer.android.com/studio/command-line/variables for more details 
Host info: host: &#039;deepikas-mbp.lan&#039;, ip: &#039;fd70:2880:bbbe:183b:887:393a:4d2:5ebb%en0&#039;
Build info: version: &#039;4.22.0&#039;, revision: &#039;c5f3146703*&#039;
System info: os.name: &#039;Mac OS X&#039;, os.arch: &#039;x86_64&#039;, os.version: &#039;10.16&#039;, java.version: &#039;15.0.2&#039;
Driver info: io.appium.java_client.android.AndroidDriver
Command: [null, newSession {capabilities=[{appium:platformVersion=12.0, appium:deviceName=Pixel 2, appium:automationName=UIAutomator2, platformName=ANDROID, appium:app=/Users/rahade/workspaceMobileAutomation/Android_IOS_Wdio_Native/BuildFiles/android-wdio-native.apk, appium:chromedriverExecutable=/Users/rahade/workspaceMobileAutomation/Android_Wdio_Native/driver/chromedriver}], desiredCapabilities=Capabilities {appium:app: /Users/rahade/workspaceMobi..., appium:automationName: UIAutomator2, appium:chromedriverExecutable: /Users/rahade/workspaceMobi..., appium:deviceName: Pixel 2, appium:platformVersion: 12.0, platformName: ANDROID}}]
Capabilities {appium:app: /Users/rahade/workspaceMobi..., appium:automationName: UIAutomator2, appium:chromedriverExecutable: /Users/rahade/workspaceMobi..., appium:deviceName: Pixel 2, appium:platformVersion: 12.0, platformName: ANDROID}" type="org.openqa.selenium.SessionNotCreatedException">
      <![CDATA[org.openqa.selenium.SessionNotCreatedException: Could not start a new session. Response code 500. Message: An unknown server-side error occurred while processing the command. Original error: The Android SDK root folder '$/Users/rahade/Library/Android/sdk' does not exist on the local file system. Read https://developer.android.com/studio/command-line/variables for more details 
Host info: host: 'deepikas-mbp.lan', ip: 'fd70:2880:bbbe:183b:887:393a:4d2:5ebb%en0'
Build info: version: '4.22.0', revision: 'c5f3146703*'
System info: os.name: 'Mac OS X', os.arch: 'x86_64', os.version: '10.16', java.version: '15.0.2'
Driver info: io.appium.java_client.android.AndroidDriver
Command: [null, newSession {capabilities=[{appium:platformVersion=12.0, appium:deviceName=Pixel 2, appium:automationName=UIAutomator2, platformName=ANDROID, appium:app=/Users/rahade/workspaceMobileAutomation/Android_IOS_Wdio_Native/BuildFiles/android-wdio-native.apk, appium:chromedriverExecutable=/Users/rahade/workspaceMobileAutomation/Android_Wdio_Native/driver/chromedriver}], desiredCapabilities=Capabilities {appium:app: /Users/rahade/workspaceMobi..., appium:automationName: UIAutomator2, appium:chromedriverExecutable: /Users/rahade/workspaceMobi..., appium:deviceName: Pixel 2, appium:platformVersion: 12.0, platformName: ANDROID}}]
Capabilities {appium:app: /Users/rahade/workspaceMobi..., appium:automationName: UIAutomator2, appium:chromedriverExecutable: /Users/rahade/workspaceMobi..., appium:deviceName: Pixel 2, appium:platformVersion: 12.0, platformName: ANDROID}
at org.openqa.selenium.remote.ProtocolHandshake.createSession(ProtocolHandshake.java:114)
at java.base/jdk.internal.reflect.NativeMethodAccessorImpl.invoke0(Native Method)
at java.base/jdk.internal.reflect.NativeMethodAccessorImpl.invoke(NativeMethodAccessorImpl.java:64)
at java.base/jdk.internal.reflect.DelegatingMethodAccessorImpl.invoke(DelegatingMethodAccessorImpl.java:43)
at java.base/java.lang.reflect.Method.invoke(Method.java:564)
at io.appium.java_client.remote.AppiumProtocolHandshake.createSession(AppiumProtocolHandshake.java:116)
at io.appium.java_client.remote.AppiumProtocolHandshake.createSession(AppiumProtocolHandshake.java:96)
at io.appium.java_client.remote.AppiumCommandExecutor.createSession(AppiumCommandExecutor.java:176)
at io.appium.java_client.remote.AppiumCommandExecutor.execute(AppiumCommandExecutor.java:237)
at org.openqa.selenium.remote.RemoteWebDriver.execute(RemoteWebDriver.java:518)
at io.appium.java_client.AppiumDriver.startSession(AppiumDriver.java:268)
at org.openqa.selenium.remote.RemoteWebDriver.<init>(RemoteWebDriver.java:161)
at io.appium.java_client.AppiumDriver.<init>(AppiumDriver.java:90)
at io.appium.java_client.AppiumDriver.<init>(AppiumDriver.java:102)
at io.appium.java_client.android.AndroidDriver.<init>(AndroidDriver.java:109)
at Base.BaseTest.launchApp(BaseTest.java:77)
at Test.HomeTest.beforeMethod(HomeTest.java:34)
at java.base/jdk.internal.reflect.NativeMethodAccessorImpl.invoke0(Native Method)
at java.base/jdk.internal.reflect.NativeMethodAccessorImpl.invoke(NativeMethodAccessorImpl.java:64)
at java.base/jdk.internal.reflect.DelegatingMethodAccessorImpl.invoke(DelegatingMethodAccessorImpl.java:43)
at java.base/java.lang.reflect.Method.invoke(Method.java:564)
at org.testng.internal.invokers.MethodInvocationHelper.invokeMethod(MethodInvocationHelper.java:139)
at org.testng.internal.invokers.MethodInvocationHelper.invokeMethodConsideringTimeout(MethodInvocationHelper.java:69)
at org.testng.internal.invokers.ConfigInvoker.invokeConfigurationMethod(ConfigInvoker.java:361)
at org.testng.internal.invokers.ConfigInvoker.invokeConfigurations(ConfigInvoker.java:296)
at org.testng.internal.invokers.TestInvoker.runConfigMethods(TestInvoker.java:823)
at org.testng.internal.invokers.TestInvoker.invokeMethod(TestInvoker.java:590)
at org.testng.internal.invokers.TestInvoker.invokeTestMethod(TestInvoker.java:221)
at org.testng.internal.invokers.MethodRunner.runInSequence(MethodRunner.java:50)
at org.testng.internal.invokers.TestInvoker$MethodInvocationAgent.invoke(TestInvoker.java:969)
at org.testng.internal.invokers.TestInvoker.invokeTestMethods(TestInvoker.java:194)
at org.testng.internal.invokers.TestMethodWorker.invokeTestMethods(TestMethodWorker.java:148)
at org.testng.internal.invokers.TestMethodWorker.run(TestMethodWorker.java:128)
at java.base/java.util.ArrayList.forEach(ArrayList.java:1511)
at org.testng.TestRunner.privateRun(TestRunner.java:829)
at org.testng.TestRunner.run(TestRunner.java:602)
at org.testng.SuiteRunner.runTest(SuiteRunner.java:437)
at org.testng.SuiteRunner.runSequentially(SuiteRunner.java:431)
at org.testng.SuiteRunner.privateRun(SuiteRunner.java:391)
at org.testng.SuiteRunner.run(SuiteRunner.java:330)
at org.testng.SuiteRunnerWorker.runSuite(SuiteRunnerWorker.java:52)
at org.testng.SuiteRunnerWorker.run(SuiteRunnerWorker.java:95)
at org.testng.TestNG.runSuitesSequentially(TestNG.java:1256)
at org.testng.TestNG.runSuitesLocally(TestNG.java:1176)
at org.testng.TestNG.runSuites(TestNG.java:1099)
at org.testng.TestNG.run(TestNG.java:1067)
at org.testng.remote.AbstractRemoteTestNG.run(AbstractRemoteTestNG.java:115)
at org.testng.remote.RemoteTestNG.initAndRun(RemoteTestNG.java:251)
at org.testng.remote.RemoteTestNG.main(RemoteTestNG.java:77)
]]>
    </error>
  </testcase> <!-- beforeMethod -->
  <system-out/>
  <testcase classname="Test.HomeTest" name="home" time="0.000">
    <skipped/>
  </testcase> <!-- home -->
  <system-out/>
</testsuite> <!-- Test.HomeTest -->
