<?xml version="1.0" encoding="UTF-8"?>
<!-- Generated by org.testng.reporters.JUnitReportReporter -->
<testsuite hostname="deepikas-mbp.lan" failures="0" tests="1" name="Test.LoginTest" time="31.765" errors="0" timestamp="2024-08-16T10:49:14 PDT" skipped="0">
  <testcase classname="Test.LoginTest" name="login" time="31.765"/>
  <system-out/>
</testsuite> <!-- Test.LoginTest -->
