<?xml version="1.0" encoding="UTF-8"?>
<!-- Generated by org.testng.reporters.JUnitReportReporter -->
<testsuite hostname="deepikas-mbp.lan" failures="0" tests="1" name="Test.FormsTest" time="15.849" errors="0" timestamp="2024-06-05T15:24:18 PDT" skipped="0">
  <testcase classname="Test.FormsTest" name="forms" time="15.849"/>
  <system-out/>
</testsuite> <!-- Test.FormsTest -->
