<?xml version="1.0" encoding="UTF-8"?>
<!-- Generated by org.testng.reporters.JUnitReportReporter -->
<testsuite hostname="Deepikas-MBP.attlocal.net" failures="0" tests="1" name="Test.DragDropTest" time="29.850" errors="0" timestamp="2024-05-30T00:20:49 PDT" skipped="0">
  <testcase classname="Test.DragDropTest" name="dragDrop" time="29.850"/>
  <system-out/>
</testsuite> <!-- Test.DragDropTest -->
