<?xml version="1.0" encoding="UTF-8"?>
<!-- Generated by org.testng.reporters.JUnitReportReporter -->
<testsuite hostname="deepikas-mbp.lan" failures="0" tests="6" name="Test.MainTest" time="79.694" errors="0" timestamp="2024-06-05T15:26:06 PDT" skipped="0">
  <testcase classname="Test.MainTest" name="home" time="0.562"/>
  <system-out/>
  <testcase classname="Test.MainTest" name="webView" time="2.477"/>
  <system-out/>
  <testcase classname="Test.MainTest" name="login" time="22.681"/>
  <system-out/>
  <testcase classname="Test.MainTest" name="forms" time="7.585"/>
  <system-out/>
  <testcase classname="Test.MainTest" name="swipe" time="21.028"/>
  <system-out/>
  <testcase classname="Test.MainTest" name="dragDrop" time="25.361"/>
  <system-out/>
</testsuite> <!-- Test.MainTest -->
