<?xml version="1.0" encoding="UTF-8"?>
<!-- Generated by org.testng.reporters.JUnitReportReporter -->
<testsuite hostname="deepikas-mbp.lan" failures="0" tests="1" name="Test.SwipeTest" time="25.538" errors="0" timestamp="2024-06-05T15:07:42 PDT" skipped="0">
  <testcase classname="Test.SwipeTest" name="swipe" time="25.538"/>
  <system-out/>
</testsuite> <!-- Test.SwipeTest -->
