<?xml version="1.0" encoding="UTF-8"?>
<!-- Generated by org.testng.reporters.JUnitReportReporter -->
<testsuite hostname="Deepikas-MBP.attlocal.net" failures="0" tests="1" name="Test.WebViewTest" time="56.098" errors="0" timestamp="2024-06-05T08:32:18 PDT" skipped="0">
  <testcase classname="Test.WebViewTest" name="viewOnGithubInWebView" time="56.098"/>
  <system-out/>
</testsuite> <!-- Test.WebViewTest -->
