<?xml version="1.0" encoding="UTF-8"?>
<!-- Generated by org.testng.reporters.JUnitReportReporter -->
<testsuite hostname="deepikas-mbp.lan" failures="0" tests="1" name="iOSCatalogAutomation.ActionTest" time="15.434" errors="0" timestamp="2024-02-26T15:09:25 PST" skipped="0">
  <testcase classname="iOSCatalogAutomation.ActionTest" name="clickActionSheet" time="15.434"/>
  <system-out/>
</testsuite> <!-- iOSCatalogAutomation.ActionTest -->
