<?xml version="1.0" encoding="UTF-8"?>
<!-- Generated by org.testng.reporters.JUnitReportReporter -->
<testsuite hostname="Deepikas-MBP.attlocal.net" failures="0" tests="1" name="Test.FormsTest" time="11.476" errors="0" timestamp="2024-05-30T00:25:03 PDT" skipped="0">
  <testcase classname="Test.FormsTest" name="forms" time="11.476"/>
  <system-out/>
</testsuite> <!-- Test.FormsTest -->
