<?xml version="1.0" encoding="UTF-8"?>
<!-- Generated by org.testng.reporters.JUnitReportReporter -->
<testsuite hostname="Deepikas-MBP.attlocal.net" failures="0" tests="2" name="Test.WebViewTest" time="95.422" errors="0" timestamp="2024-05-30T00:25:03 PDT" skipped="0">
  <testcase classname="Test.WebViewTest" name="viewOnGithub" time="56.667"/>
  <system-out/>
  <testcase classname="Test.WebViewTest" name="clickWebView" time="38.755"/>
  <system-out/>
</testsuite> <!-- Test.WebViewTest -->
