<?xml version="1.0" encoding="UTF-8"?>
<!-- Generated by org.testng.reporters.JUnitReportReporter -->
<testsuite hostname="Deepikas-MBP.attlocal.net" failures="0" tests="1" name="Test.HomeTest" time="6.685" errors="0" timestamp="2024-05-30T00:25:03 PDT" skipped="0">
  <testcase classname="Test.HomeTest" name="home" time="6.685"/>
  <system-out/>
</testsuite> <!-- Test.HomeTest -->
