<?xml version="1.0" encoding="UTF-8"?>
<!-- Generated by org.testng.reporters.JUnitReportReporter -->
<testsuite hostname="deepikas-mbp.lan" failures="0" tests="1" name="Test.MainTest" time="21.769" errors="0" timestamp="2024-02-28T21:20:35 PST" skipped="0">
  <testcase classname="Test.MainTest" name="clickActionSheet" time="21.769"/>
  <system-out/>
</testsuite> <!-- Test.MainTest -->
