<?xml version="1.0" encoding="UTF-8"?>
<!-- Generated by org.testng.reporters.JUnitReportReporter -->
<testsuite hostname="deepikas-mbp.lan" failures="0" tests="1" name="OS.AndroidSauceLab" time="45.546" errors="0" timestamp="2024-06-15T01:13:02 PDT" skipped="0">
  <testcase classname="OS.AndroidSauceLab" name="webView" time="45.546"/>
  <system-out/>
</testsuite> <!-- OS.AndroidSauceLab -->
