<?xml version="1.0" encoding="UTF-8"?>
<!-- Generated by org.testng.reporters.JUnitReportReporter -->
<testsuite hostname="Deepikas-MBP.attlocal.net" failures="0" tests="1" name="Tests.BaseClass" time="0.009" errors="0" timestamp="27 Feb 2024 22:40:30 GMT" skipped="0">
  <testcase classname="Tests.BaseClass" name="sampleTest" time="0.009"/>
</testsuite> <!-- Tests.BaseClass -->
