<?xml version="1.0" encoding="UTF-8"?>
<!-- Generated by org.testng.reporters.JUnitReportReporter -->
<testsuite hostname="Deepikas-MBP.attlocal.net" failures="0" tests="1" name="Test.SwipeTest" time="18.782" errors="0" timestamp="2024-05-30T00:25:03 PDT" skipped="0">
  <testcase classname="Test.SwipeTest" name="swipe" time="18.782"/>
  <system-out/>
</testsuite> <!-- Test.SwipeTest -->
