<?xml version="1.0" encoding="UTF-8"?>
<!-- Generated by org.testng.reporters.JUnitReportReporter -->
<testsuite skipped="0" hostname="DESKTOP-J6NT3H3" name="invoiceapp.base.OS" tests="1" failures="0" timestamp="2020-05-10T23:08:12 IST" time="2.682" errors="0">
  <testcase name="test" time="2.682" classname="invoiceapp.base.OS"/>
</testsuite> <!-- invoiceapp.base.OS -->
