<?xml version="1.0" encoding="UTF-8"?>
<!-- Generated by org.testng.reporters.JUnitReportReporter -->
<testsuite skipped="0" hostname="DESKTOP-J6NT3H3" name="invoiceapp.base.Testengine" tests="1" failures="0" timestamp="2020-05-10T19:33:09 IST" time="1.809" errors="0">
  <testcase name="test001" time="1.809" classname="invoiceapp.base.Testengine"/>
</testsuite> <!-- invoiceapp.base.Testengine -->
