<?xml version="1.0" encoding="UTF-8"?>
<!-- Generated by org.testng.reporters.JUnitReportReporter -->
<testsuite skipped="0" hostname="DESKTOP-J6NT3H3" name="invoiceapp.base.Test" tests="1" failures="0" timestamp="2020-05-10T19:23:12 IST" time="16.194" errors="0">
  <testcase name="test001" time="16.194" classname="invoiceapp.base.Test"/>
</testsuite> <!-- invoiceapp.base.Test -->
