<?xml version="1.0" encoding="UTF-8"?>
<!-- Generated by org.testng.reporters.JUnitReportReporter -->
<testsuite hostname="Deepikas-MBP.attlocal.net" failures="0" tests="1" name="ViewText" time="8.317" errors="0" timestamp="2023-12-07T18:03:02 PST" skipped="0">
  <testcase classname="ViewText" name="textTest" time="8.317"/>
  <system-out/>
</testsuite> <!-- ViewText -->
