<?xml version="1.0" encoding="UTF-8"?>
<!-- Generated by org.testng.reporters.JUnitReportReporter -->
<testsuite hostname="deepikas-mbp.lan" failures="0" tests="1" name="com.appium.test.DropDown" time="22.479" errors="0" timestamp="2024-05-17T15:11:20 PDT" skipped="0">
  <testcase classname="com.appium.test.DropDown" name="toastMsg" time="22.479"/>
  <system-out/>
</testsuite> <!-- com.appium.test.DropDown -->
