<?xml version="1.0" encoding="UTF-8"?>
<!-- Generated by org.testng.reporters.JUnitReportReporter -->
<testsuite hostname="Deepikas-MBP.attlocal.net" failures="0" tests="1" name="com.deepika.Appium.Base" time="6.451" errors="0" timestamp="2023-12-07T16:49:59 PST" skipped="0">
  <testcase classname="com.deepika.Appium.Base" name="configureAppium" time="6.451"/>
  <system-out/>
</testsuite> <!-- com.deepika.Appium.Base -->
