<?xml version="1.0" encoding="UTF-8"?>
<!-- Generated by org.testng.reporters.JUnitReportReporter -->
<testsuite hostname="deepikas-mbp.lan" failures="0" tests="1" name="com.appium.test.HybridTest" time="44.428" errors="0" timestamp="2023-12-13T18:51:05 PST" skipped="0">
  <testcase classname="com.appium.test.HybridTest" name="hybridAppTest" time="44.428"/>
  <system-out/>
</testsuite> <!-- com.appium.test.HybridTest -->
