<?xml version="1.0" encoding="UTF-8"?>
<!-- Generated by org.testng.reporters.JUnitReportReporter -->
<testsuite hostname="Deepikas-MBP.attlocal.net" failures="0" tests="1" name="LongPress" time="13.529" errors="0" timestamp="2023-12-08T08:59:41 PST" skipped="0">
  <testcase classname="LongPress" name="longPressTest" time="13.529"/>
  <system-out/>
</testsuite> <!-- LongPress -->
