<?xml version="1.0" encoding="UTF-8"?>
<!-- Generated by org.testng.reporters.JUnitReportReporter -->
<testsuite hostname="Deepikas-MBP.attlocal.net" failures="0" tests="1" name="com.appium.test.ScrollDemo" time="13.414" errors="0" timestamp="2024-05-23T09:55:55 PDT" skipped="0">
  <testcase classname="com.appium.test.ScrollDemo" name="scrollDownTest" time="13.414"/>
  <system-out/>
</testsuite> <!-- com.appium.test.ScrollDemo -->
