<?xml version="1.0" encoding="UTF-8"?>
<!-- Generated by org.testng.reporters.JUnitReportReporter -->
<testsuite hostname="Deepikas-MBP.attlocal.net" failures="0" tests="1" name="SetWifi" time="9.398" errors="0" timestamp="2023-12-07T16:55:54 PST" skipped="0">
  <testcase classname="SetWifi" name="setWifiTest" time="9.398"/>
  <system-out/>
</testsuite> <!-- SetWifi -->
