<?xml version="1.0" encoding="UTF-8"?>
<!-- Generated by org.testng.reporters.JUnitReportReporter -->
<testsuite hostname="Deepikas-MBP.attlocal.net" failures="0" tests="1" name="com.appium.test.LongPress" time="15.082" errors="0" timestamp="2024-05-23T09:55:34 PDT" skipped="0">
  <testcase classname="com.appium.test.LongPress" name="longPressTest" time="15.082"/>
  <system-out/>
</testsuite> <!-- com.appium.test.LongPress -->
